_GEN_23
_GEN_24
io_alloc_ready
io_alloc_valid
io_clean_bits_hnTxnID
io_clean_valid
io_cutHnTxnID_bits_before
io_cutHnTxnID_valid
io_dcid
io_dsWriDB_bits_dcid
io_dsWriDB_valid
io_readToCHI_ready
io_readToCHI_valid
io_readToDB_ready
io_readToDB_valid
io_readToDS_ready
io_readToDS_valid
io_resp_ready
io_resp_valid
io_task_bits_dataOp_read
io_task_bits_dataOp_repl
io_task_bits_dataOp_save
io_task_bits_dataOp_send
io_task_bits_dataVec_0
io_task_bits_dataVec_1
io_task_bits_hnTxnID
io_task_valid
io_txDatFire_bits_dcid
io_txDatFire_valid
next_opBeat
reg_dataVec_0
reg_dataVec_1
reg_opBeat
reg_state
reg_task_dataOp_save
reg_task_dataOp_send
reg_task_dataVec_0
reg_task_dataVec_1
reg_task_hnTxnID
reg_wRBeat
reg_wSBeat
taskHit
